<testsuites>
    <testsuite package="http://www.obdurodon.org/apps/exist-sandbox/tests" timestamp="2022-02-25T14:54:18.912-08:00" tests="3" failures="0" errors="0" pending="0" time="PT0.019S">
        <testcase name="pub-info" class="tests:pub-info"/>
        <testcase name="square-10" class="tests:square-10"/>
        <testcase name="square-11" class="tests:square-11"/>
    </testsuite>
</testsuites>